#   COLUMN 1                        2                        3           4                        5                        6
#   TIMESTEP                     TIME                       DT  FINEST LEV  MAX NUMBER OF SUBCYCLES COARSE TIMESTEP WALLTIME
           0   0.0000000000000000e+00       0.0000000000000000           3                        0       0.0000000000000000
           1   2.4486929824144567e-13       0.0000000000002449           3                        1       0.2888632930000767
           2   5.1422552630703590e-13       0.0000000000002694           3                        1       0.2928863330000695
           3   8.1051737717918517e-13       0.0000000000002963           3                        1       0.2930147740000848
           4   1.1364384131385493e-12       0.0000000000003259           3                        1       0.2913446449999810
           5   1.4949515526938501e-12       0.0000000000003585           3                        1       0.2872223049998865
           6   1.8893160062046810e-12       0.0000000000003944           3                        1       0.5035282940000343
           7   2.3231169050665949e-12       0.0000000000004338           3                        1       0.5071300820000033
           8   2.8002978938147001e-12       0.0000000000004772           3                        1       0.5069298299999900
           9   3.3251969814376158e-12       0.0000000000005249           3                        1       0.5053740030000426
          10   3.9025859778228232e-12       0.0000000000005774           3                        1       0.4982397190001393
          11   4.5377138738465514e-12       0.0000000000006351           3                        1       0.5306528139999500
          12   5.2363545594726529e-12       0.0000000000006986           3                        1       0.5062854570001036
          13   6.0048593136613643e-12       0.0000000000007685           3                        1       0.5087186379998911
          14   6.8502145432689474e-12       0.0000000000008454           3                        1       0.5069133100000727
          15   7.7801052958372885e-12       0.0000000000009299           3                        1       0.4995069560000047
          16   8.8029851236624633e-12       0.0000000000010229           3                        1       0.4990525929999876
          17   9.9281529342701557e-12       0.0000000000011252           3                        1       0.5055470539998623
          18   1.1165837525938618e-11       0.0000000000012377           3                        1       0.5067332200001147
          19   1.2527290576773926e-11       0.0000000000013615           3                        1       0.5058093650000046
          20   1.4024888932692766e-11       0.0000000000014976           3                        1       0.4986831720000282
          21   1.5672247124203490e-11       0.0000000000016474           3                        1       0.4981524290001289
          22   1.7484341134865287e-11       0.0000000000018121           3                        1       0.5045406689998799
          23   1.9477644546593262e-11       0.0000000000019933           3                        1       0.5059003550002217
          24   2.1670278299494037e-11       0.0000000000021926           3                        1       0.5075355829999353
          25   2.4082175427684890e-11       0.0000000000024119           3                        1       0.5010507730000882
          26   2.6735262268694828e-11       0.0000000000026531           3                        1       0.5024683290000667
          27   2.9653657793805756e-11       0.0000000000029184           3                        1       0.5075462929999048
          28   3.2863892871427778e-11       0.0000000000032102           3                        1       0.5087180189998435
          29   3.6395151456812003e-11       0.0000000000035313           3                        1       0.5077138740000464
          30   4.0279535900734655e-11       0.0000000000038844           3                        1       0.5100815559999319
          31   4.4552358789049572e-11       0.0000000000042728           3                        1       0.5064511090001815
          32   4.9252463966195977e-11       0.0000000000047001           3                        1       0.5090961999999308
          33   5.4422579661057026e-11       0.0000000000051701           3                        1       0.5104410169999483
          34   6.0109706925404185e-11       0.0000000000056871           3                        1       0.5117126039999675
          35   6.6365546916186048e-11       0.0000000000062558           3                        1       0.5027915809998831
          36   7.3246970906046107e-11       0.0000000000068814           3                        1       0.5026537300000200
          37   8.0816537294892172e-11       0.0000000000075696           3                        1       0.5101586160001261
          38   8.9143060322622848e-11       0.0000000000083265           3                        1       0.5119551339998907
          39   9.8302235653126590e-11       0.0000000000091592           3                        1       0.5111485709999215
          40   1.0837732851668070e-10       0.0000000000100751           3                        1       0.5047002500000417
          41   1.1945993066659024e-10       0.0000000000110826           3                        1       0.5106447779999144
          42   1.3165079303149071e-10       0.0000000000121909           3                        1       0.5148971380001512
          43   1.4506074163288123e-10       0.0000000000134099           3                        1       0.6054070089999186
          44   1.5981168509441083e-10       0.0000000000147509           3                        1       0.6819826319999720
          45   1.7603772290209336e-10       0.0000000000162260           3                        1       0.6735210530000586
          46   1.9388636449054414e-10       0.0000000000178486           3                        1       0.6714678430000731
          47   2.1351987023784001e-10       0.0000000000196335           3                        1       0.6813410100000965
          48   2.3511672655986546e-10       0.0000000000215969           3                        1       0.6819356129999505
          49   2.5887326851409348e-10       0.0000000000237565           3                        1       0.6817198020000887
          50   2.8500546466374430e-10       0.0000000000261322           3                        1       0.6744320660000085
          51   3.1375088042836020e-10       0.0000000000287454           3                        1       0.6751045099999828
          52   3.4537083776943772e-10       0.0000000000316200           3                        1       0.6853474889999234
          53   3.8015279084462295e-10       0.0000000000347820           3                        1       0.6859929019999527
          54   4.1841293922732674e-10       0.0000000000382601           3                        1       0.6874330690000079
          55   4.6049910244830090e-10       0.0000000000420862           3                        1       0.6807494370000313
          56   5.0679388199137247e-10       0.0000000000462948           3                        1       0.6833608800000093
          57   5.5771813948875120e-10       0.0000000000509243           3                        1       0.6883971330000804
          58   6.1373482273586780e-10       0.0000000000560167           3                        1       0.7980637549999301
          59   6.7535317430769608e-10       0.0000000000616184           3                        1       0.8876942110000527
          60   7.4313336103670719e-10       0.0000000000677802           3                        1       0.8762435070000265
          61   8.1576314639045590e-10       0.0000000000726298           3                        1       0.8793773120000878
          62   8.8872739902036689e-10       0.0000000000729643           3                        1       0.8911564580000686
          63   9.6364701232977859e-10       0.0000000000749196           3                        1       0.8917593999999553
          64   1.0401932824121534e-09       0.0000000000765463           3                        1       0.9404070220000449
          65   1.1173295884703978e-09       0.0000000000771363           3                        1       1.0467189879998386
          66   1.1957490314618049e-09       0.0000000000784194           3                        1       1.0509365679999974
          67   1.2755806607712751e-09       0.0000000000798316           3                        1       1.0600086110000575
          68   1.3562279109689473e-09       0.0000000000806473           3                        1       1.0601089609999690
          69   1.4378690857951994e-09       0.0000000000816412           3                        1       1.0609688949998599
          70   1.5206276107152689e-09       0.0000000000827585           3                        1       1.0488521580000452
          71   1.6043536178169359e-09       0.0000000000837260           3                        1       1.0545684349999647
          72   1.6890224585549099e-09       0.0000000000846688           3                        1       1.0663402000000133
          73   1.7746141287781762e-09       0.0000000000855917           3                        1       1.0677419969999846
          74   1.8610467447356256e-09       0.0000000000864326           3                        1       1.0658807979998528
          75   1.9483099342258062e-09       0.0000000000872632           3                        1       1.0554093490000014
          76   2.0364566233273295e-09       0.0000000000881467           3                        1       1.2750306030000047
          77   2.1254808450192410e-09       0.0000000000890242           3                        1       1.2932687600000463
          78   2.2152431440792580e-09       0.0000000000897623           3                        1       1.2967132060000495
          79   2.3057450160054170e-09       0.0000000000905019           3                        1       1.2957928610001090
          80   2.3970157809666919e-09       0.0000000000912708           3                        1       1.2746313409998038
          81   2.4890415689764460e-09       0.0000000000920258           3                        1       1.2808087999999316
          82   2.5817849530456932e-09       0.0000000000927434           3                        1       1.2998385610001151
          83   2.6752168276784588e-09       0.0000000000934319           3                        1       1.3003387530000055
          84   2.7693403130908727e-09       0.0000000000941235           3                        1       1.3657863349999388
          85   2.8641441108714032e-09       0.0000000000948038           3                        1       1.4998099619999721
          86   2.9596077290464426e-09       0.0000000000954636           3                        1       1.4936617020000540
          87   3.0557083548383464e-09       0.0000000000961006           3                        1       1.5081252009999844
          88   3.1524416548691156e-09       0.0000000000967333           3                        1       1.5194768649998878
          89   3.2498037599222511e-09       0.0000000000973621           3                        1       1.5247778899999958
          90   3.3477826735410852e-09       0.0000000000979789           3                        1       1.5106207429998904
          91   3.4463571090205936e-09       0.0000000000985744           3                        1       1.5178811370001313
          92   3.5455069628010339e-09       0.0000000000991499           3                        1       1.5518039990001853
          93   3.6452239158381558e-09       0.0000000000997170           3                        1       1.5332454009999310
          94   3.7455060256020148e-09       0.0000000001002821           3                        1       1.5510228250000182
          95   3.8463488218240964e-09       0.0000000001008428           3                        1       1.5049211359998935
          96   3.9477390885705530e-09       0.0000000001013903           3                        1       1.6551692200000616
          97   4.0496656466835202e-09       0.0000000001019266           3                        1       1.6741345799998726
          98   4.1521191870133799e-09       0.0000000001024535           3                        1       1.6805636010001308
          99   4.2550911731438733e-09       0.0000000001029720           3                        1       1.6777170779998869
         100   4.3585736342053759e-09       0.0000000001034825           3                        1       1.6605481060000784
         101   4.4625592939578461e-09       0.0000000001039857           3                        1       1.6641416830000253
         102   4.5670426665214843e-09       0.0000000001044834           3                        1       1.6838774469999862
         103   4.6720193193224204e-09       0.0000000001049767           3                        1       1.6847242209998967
         104   4.7774804770430535e-09       0.0000000001054612           3                        1       1.6865961800001514
         105   4.8834168142294590e-09       0.0000000001059363           3                        1       1.6705126040001232
         106   4.9898197049773277e-09       0.0000000001064029           3                        1       1.6731519260001733
         107   5.0966816135994667e-09       0.0000000001068619           3                        1       1.8264411650000056
         108   5.2039970964366496e-09       0.0000000001073155           3                        1       1.8635219109999070
         109   5.3117614946721983e-09       0.0000000001077644           3                        1       1.8699917819999428
         110   5.4199705315853677e-09       0.0000000001082090           3                        1       1.8491723929998898
         111   5.5286194025695841e-09       0.0000000001086489           3                        1       1.8467146210000465
         112   5.6377010166127286e-09       0.0000000001090816           3                        1       1.8738563900001282
         113   5.7472070205243775e-09       0.0000000001095060           3                        1       1.8820618090001062
         114   5.8571303550379693e-09       0.0000000001099233           3                        1       1.8765614129999904
         115   5.9674657021324461e-09       0.0000000001103353           3                        1       1.8496599860000060
         116   6.0782090586184911e-09       0.0000000001107434           3                        1       1.8545816589999049
         117   6.1893569700574528e-09       0.0000000001111479           3                        1       1.9186402430000271
         118   6.3009062269711937e-09       0.0000000001115493           3                        1       1.9053206300000056
         119   6.4128527665958540e-09       0.0000000001119465           3                        1       1.8829628230000708
         120   6.5251916536762715e-09       0.0000000001123389           3                        1       1.8576512529998581
         121   6.6379179767691023e-09       0.0000000001127263           3                        1       2.0798031389999778
         122   6.7510271093470531e-09       0.0000000001131091           3                        1       2.1065728060000311
         123   6.8645151496641240e-09       0.0000000001134880           3                        1       2.1065685769999618
         124   6.9783785924456105e-09       0.0000000001138634           3                        1       2.1269051540000419
         125   7.0926136490131722e-09       0.0000000001142351           3                        1       2.0830874650000624
         126   7.2072160569303299e-09       0.0000000001146024           3                        1       2.0838453290000416
         127   7.3221809693401932e-09       0.0000000001149649           3                        1       2.1155138090000492
         128   7.4375031088829145e-09       0.0000000001153221           3                        1       2.1347428710000713
         129   7.5531782583071197e-09       0.0000000001156751           3                        1       2.1546471359999941
         130   7.6692034613172455e-09       0.0000000001160252           3                        1       2.0904132099999515
         131   7.7855769601267927e-09       0.0000000001163735           3                        1       2.1452742109997871
         132   7.9022971153484097e-09       0.0000000001167202           3                        1       2.1351899430001140
         133   8.0193618540991044e-09       0.0000000001170647           3                        1       2.1417685339999935
         134   8.1367682581846511e-09       0.0000000001174064           3                        1       2.1578784610001094
         135   8.2545123854966620e-09       0.0000000001177441           3                        1       2.0972329530000025
         136   8.3725889211530725e-09       0.0000000001180765           3                        1       2.2981879569999819
         137   8.4909924611908684e-09       0.0000000001184035           3                        1       2.3268764829999782
         138   8.6097186089100458e-09       0.0000000001187261           3                        1       2.3266712829999960
         139   8.7287642295052240e-09       0.0000000001190456           3                        1       2.3273679569999786
         140   8.8481271012066812e-09       0.0000000001193629           3                        1       2.3125488139999106
         141   8.9678055721058937e-09       0.0000000001196785           3                        1       2.3531239069998264
         142   9.0877982886954092e-09       0.0000000001199927           3                        1       2.3442837259999578
         143   9.2081034744399060e-09       0.0000000001203052           3                        1       2.3590554959998826
         144   9.3287189078109442e-09       0.0000000001206154           3                        1       2.3820392439999978
         145   9.4496419874855765e-09       0.0000000001209231           3                        1       2.3139032320000297
         146   9.5708695423403298e-09       0.0000000001212276           3                        1       2.3689068640001096
         147   9.6923981775069851e-09       0.0000000001215286           3                        1       2.3615303890001087
         148   9.8142246851749447e-09       0.0000000001218265           3                        1       2.3768351319999965
         149   9.9363458263581679e-09       0.0000000001221211           3                        1       2.3889419699999053
         150   1.0000000000000000e-08       0.0000000000636542           3                        1       2.3122358149998945
