#   COLUMN 1                        2                        3                        4                        5                        6                        7                        8                        9                       10
#   TIMESTEP                     TIME                  Mass H0                  Mass H1                  Mass N0                  Mass N1                  Mass N2                  Mass N3                  Mass N4                  Mass N5
           0   0.0000000000000000e+00   1.1395684066553829e-42   2.7800453241617099e-46   1.1398464111877957e-72   1.1398464111877957e-72   1.1398464111877957e-72   1.1398464111877957e-72   1.1398464111877957e-72   1.1398464111877957e-72
           1   2.4486929824144567e-13   1.1395684066553829e-42   2.7800453241616940e-46   1.1398464111877957e-72   1.1398464111877957e-72   1.1398464111877957e-72   1.1398464111877957e-72   1.1398464111877957e-72   1.1398464111877957e-72
           2   5.1422552630703590e-13   1.1395684066553829e-42   2.7800453241615578e-46   1.1398464111877957e-72   1.1398464111877957e-72   1.1398464111877957e-72   1.1398464111877957e-72   1.1398464111877957e-72   1.1398464111877957e-72
           3   8.1051737717918517e-13   1.1395684066553829e-42   2.7800453241615971e-46   1.1398464111877957e-72   1.1398464111877957e-72   1.1398464111877957e-72   1.1398464111877957e-72   1.1398464111877957e-72   1.1398464111877957e-72
           4   1.1364384131385493e-12   1.1395684066553829e-42   2.7800453241616975e-46   1.1398464111877957e-72   1.1398464111877957e-72   1.1398464111877957e-72   1.1398464111877957e-72   1.1398464111877957e-72   1.1398464111877957e-72
           5   1.4949515526938501e-12   1.1395684066553829e-42   2.7800453241616477e-46   1.1398464111877957e-72   1.1398464111877957e-72   1.1398464111877957e-72   1.1398464111877957e-72   1.1398464111877957e-72   1.1398464111877957e-72
           6   1.8893160062046810e-12   1.1395684066553829e-42   2.7800453241616461e-46   1.1398464111878005e-72   1.1398464111878005e-72   1.1398464111878005e-72   1.1398464111878005e-72   1.1398464111878005e-72   1.1398464111878005e-72
           7   2.3231169050665949e-12   1.1395684066553828e-42   2.7800453241616018e-46   1.1398464111878005e-72   1.1398464111878005e-72   1.1398464111878005e-72   1.1398464111878005e-72   1.1398464111878005e-72   1.1398464111878005e-72
           8   2.8002978938147001e-12   1.1395684066553831e-42   2.7800453241616967e-46   1.1398464111878007e-72   1.1398464111878007e-72   1.1398464111878007e-72   1.1398464111878007e-72   1.1398464111878007e-72   1.1398464111878007e-72
           9   3.3251969814376158e-12   1.1395684066553829e-42   2.7800453241616554e-46   1.1398464111878005e-72   1.1398464111878005e-72   1.1398464111878005e-72   1.1398464111878005e-72   1.1398464111878005e-72   1.1398464111878005e-72
          10   3.9025859778228232e-12   1.1395684066553829e-42   2.7800453241616403e-46   1.1398464111878007e-72   1.1398464111878007e-72   1.1398464111878007e-72   1.1398464111878007e-72   1.1398464111878007e-72   1.1398464111878007e-72
          11   4.5377138738465514e-12   1.1395684066553828e-42   2.7800453241615940e-46   1.1398464111878005e-72   1.1398464111878005e-72   1.1398464111878005e-72   1.1398464111878005e-72   1.1398464111878005e-72   1.1398464111878005e-72
          12   5.2363545594726529e-12   1.1395684066553829e-42   2.7800453241616239e-46   1.1398464111878005e-72   1.1398464111878005e-72   1.1398464111878005e-72   1.1398464111878005e-72   1.1398464111878005e-72   1.1398464111878005e-72
          13   6.0048593136613643e-12   1.1395684066553829e-42   2.7800453241617406e-46   1.1398464111878005e-72   1.1398464111878005e-72   1.1398464111878005e-72   1.1398464111878005e-72   1.1398464111878005e-72   1.1398464111878005e-72
          14   6.8502145432689474e-12   1.1395684066553829e-42   2.7800453241616309e-46   1.1398464111878005e-72   1.1398464111878005e-72   1.1398464111878005e-72   1.1398464111878005e-72   1.1398464111878005e-72   1.1398464111878005e-72
          15   7.7801052958372885e-12   1.1395684066553829e-42   2.7800453241616512e-46   1.1398464111878002e-72   1.1398464111878002e-72   1.1398464111878002e-72   1.1398464111878002e-72   1.1398464111878002e-72   1.1398464111878002e-72
          16   8.8029851236624633e-12   1.1395684066553829e-42   2.7800453241617402e-46   1.1398464111878005e-72   1.1398464111878005e-72   1.1398464111878005e-72   1.1398464111878005e-72   1.1398464111878005e-72   1.1398464111878005e-72
          17   9.9281529342701557e-12   1.1395684066553829e-42   2.7800453241617025e-46   1.1398464111878005e-72   1.1398464111878005e-72   1.1398464111878005e-72   1.1398464111878005e-72   1.1398464111878005e-72   1.1398464111878005e-72
          18   1.1165837525938618e-11   1.1395684066553829e-42   2.7800453241615971e-46   1.1398464111878005e-72   1.1398464111878005e-72   1.1398464111878005e-72   1.1398464111878005e-72   1.1398464111878005e-72   1.1398464111878005e-72
          19   1.2527290576773926e-11   1.1395684066553829e-42   2.7800453241615959e-46   1.1398464111878005e-72   1.1398464111878005e-72   1.1398464111878005e-72   1.1398464111878005e-72   1.1398464111878005e-72   1.1398464111878005e-72
          20   1.4024888932692766e-11   1.1395684066553829e-42   2.7800453241616041e-46   1.1398464111878005e-72   1.1398464111878005e-72   1.1398464111878005e-72   1.1398464111878005e-72   1.1398464111878005e-72   1.1398464111878005e-72
          21   1.5672247124203490e-11   1.1395684066553831e-42   2.7800453241616422e-46   1.1398464111878005e-72   1.1398464111878005e-72   1.1398464111878005e-72   1.1398464111878005e-72   1.1398464111878005e-72   1.1398464111878005e-72
          22   1.7484341134865287e-11   1.1395684066553828e-42   2.7800453241616111e-46   1.1398464111878005e-72   1.1398464111878005e-72   1.1398464111878005e-72   1.1398464111878005e-72   1.1398464111878005e-72   1.1398464111878005e-72
          23   1.9477644546593262e-11   1.1395684066553829e-42   2.7800453241616119e-46   1.1398464111878005e-72   1.1398464111878005e-72   1.1398464111878005e-72   1.1398464111878005e-72   1.1398464111878005e-72   1.1398464111878005e-72
          24   2.1670278299494037e-11   1.1395684066553829e-42   2.7800453241616438e-46   1.1398464111878005e-72   1.1398464111878005e-72   1.1398464111878005e-72   1.1398464111878005e-72   1.1398464111878005e-72   1.1398464111878005e-72
          25   2.4082175427684890e-11   1.1395684066553829e-42   2.7800453241617150e-46   1.1398464111878007e-72   1.1398464111878007e-72   1.1398464111878007e-72   1.1398464111878007e-72   1.1398464111878007e-72   1.1398464111878007e-72
          26   2.6735262268694828e-11   1.1395684066553829e-42   2.7800453241616578e-46   1.1398464111878005e-72   1.1398464111878005e-72   1.1398464111878005e-72   1.1398464111878005e-72   1.1398464111878005e-72   1.1398464111878005e-72
          27   2.9653657793805756e-11   1.1395684066553829e-42   2.7800453241616842e-46   1.1398464111878005e-72   1.1398464111878005e-72   1.1398464111878005e-72   1.1398464111878005e-72   1.1398464111878005e-72   1.1398464111878005e-72
          28   3.2863892871427778e-11   1.1395684066553829e-42   2.7800453241615605e-46   1.1398464111878005e-72   1.1398464111878005e-72   1.1398464111878005e-72   1.1398464111878005e-72   1.1398464111878005e-72   1.1398464111878005e-72
          29   3.6395151456812003e-11   1.1395684066553829e-42   2.7800453241616975e-46   1.1398464111878005e-72   1.1398464111878005e-72   1.1398464111878005e-72   1.1398464111878005e-72   1.1398464111878005e-72   1.1398464111878005e-72
          30   4.0279535900734655e-11   1.1395684066553829e-42   2.7800453241616543e-46   1.1398464111878005e-72   1.1398464111878005e-72   1.1398464111878005e-72   1.1398464111878005e-72   1.1398464111878005e-72   1.1398464111878005e-72
          31   4.4552358789049572e-11   1.1395684066553828e-42   2.7800453241616146e-46   1.1398464111878005e-72   1.1398464111878005e-72   1.1398464111878005e-72   1.1398464111878005e-72   1.1398464111878005e-72   1.1398464111878005e-72
          32   4.9252463966195977e-11   1.1395684066553829e-42   2.7800453241616574e-46   1.1398464111878002e-72   1.1398464111878002e-72   1.1398464111878002e-72   1.1398464111878002e-72   1.1398464111878002e-72   1.1398464111878002e-72
          33   5.4422579661057026e-11   1.1395684066553829e-42   2.7800453241615757e-46   1.1398464111878005e-72   1.1398464111878005e-72   1.1398464111878005e-72   1.1398464111878005e-72   1.1398464111878005e-72   1.1398464111878005e-72
          34   6.0109706925404185e-11   1.1395684066553829e-42   2.7800453241616570e-46   1.1398464111878002e-72   1.1398464111878002e-72   1.1398464111878002e-72   1.1398464111878002e-72   1.1398464111878002e-72   1.1398464111878002e-72
          35   6.6365546916186048e-11   1.1395684066553828e-42   2.7800453241616461e-46   1.1398464111878005e-72   1.1398464111878005e-72   1.1398464111878005e-72   1.1398464111878005e-72   1.1398464111878005e-72   1.1398464111878005e-72
          36   7.3246970906046107e-11   1.1395684066553828e-42   2.7800453241616457e-46   1.1398464111878005e-72   1.1398464111878005e-72   1.1398464111878005e-72   1.1398464111878005e-72   1.1398464111878005e-72   1.1398464111878005e-72
          37   8.0816537294892172e-11   1.1395684066553829e-42   2.7800453241616189e-46   1.1398464111878005e-72   1.1398464111878005e-72   1.1398464111878005e-72   1.1398464111878005e-72   1.1398464111878005e-72   1.1398464111878005e-72
          38   8.9143060322622848e-11   1.1395684066553831e-42   2.7800453241616702e-46   1.1398464111878005e-72   1.1398464111878005e-72   1.1398464111878005e-72   1.1398464111878005e-72   1.1398464111878005e-72   1.1398464111878005e-72
          39   9.8302235653126590e-11   1.1395684066553829e-42   2.7800453241616628e-46   1.1398464111878005e-72   1.1398464111878005e-72   1.1398464111878005e-72   1.1398464111878005e-72   1.1398464111878005e-72   1.1398464111878005e-72
          40   1.0837732851668070e-10   1.1395684066553829e-42   2.7800453241617126e-46   1.1398464111878000e-72   1.1398464111878000e-72   1.1398464111878000e-72   1.1398464111878000e-72   1.1398464111878000e-72   1.1398464111878000e-72
          41   1.1945993066659024e-10   1.1395684066553829e-42   2.7800453241616111e-46   1.1398464111878005e-72   1.1398464111878005e-72   1.1398464111878005e-72   1.1398464111878005e-72   1.1398464111878005e-72   1.1398464111878005e-72
          42   1.3165079303149071e-10   1.1395684066553831e-42   2.7800453241615745e-46   1.1398464111878005e-72   1.1398464111878005e-72   1.1398464111878005e-72   1.1398464111878005e-72   1.1398464111878005e-72   1.1398464111878005e-72
          43   1.4506074163288123e-10   1.1395684066553834e-42   2.7800453241616158e-46   1.1398464111878002e-72   1.1398464111878002e-72   1.1398464111878002e-72   1.1398464111878002e-72   1.1398464111878002e-72   1.1398464111878002e-72
          44   1.5981168509441083e-10   1.1395684066553834e-42   2.7800453241615909e-46   1.1398464111878005e-72   1.1398464111878005e-72   1.1398464111878005e-72   1.1398464111878005e-72   1.1398464111878005e-72   1.1398464111878005e-72
          45   1.7603772290209336e-10   1.1395684066553831e-42   2.7800453241617437e-46   1.1398464111878007e-72   1.1398464111878007e-72   1.1398464111878007e-72   1.1398464111878007e-72   1.1398464111878007e-72   1.1398464111878007e-72
          46   1.9388636449054414e-10   1.1395684066553836e-42   2.7800453241616706e-46   1.1398464111878005e-72   1.1398464111878005e-72   1.1398464111878005e-72   1.1398464111878005e-72   1.1398464111878005e-72   1.1398464111878005e-72
          47   2.1351987023784001e-10   1.1395684066553831e-42   2.7800453241616924e-46   1.1398464111878000e-72   1.1398464111878000e-72   1.1398464111878000e-72   1.1398464111878000e-72   1.1398464111878000e-72   1.1398464111878000e-72
          48   2.3511672655986546e-10   1.1395684066553837e-42   2.7800453241617791e-46   1.1398464111878005e-72   1.1398464111878005e-72   1.1398464111878005e-72   1.1398464111878005e-72   1.1398464111878005e-72   1.1398464111878005e-72
          49   2.5887326851409348e-10   1.1395684066553834e-42   2.7800453241617138e-46   1.1398464111878002e-72   1.1398464111878002e-72   1.1398464111878002e-72   1.1398464111878002e-72   1.1398464111878002e-72   1.1398464111878002e-72
          50   2.8500546466374430e-10   1.1395684066553833e-42   2.7800453241615123e-46   1.1398464111878005e-72   1.1398464111878005e-72   1.1398464111878005e-72   1.1398464111878005e-72   1.1398464111878005e-72   1.1398464111878005e-72
          51   3.1375088042836020e-10   1.1395684066553829e-42   2.7800453241615045e-46   1.1398464111878007e-72   1.1398464111878007e-72   1.1398464111878007e-72   1.1398464111878007e-72   1.1398464111878007e-72   1.1398464111878007e-72
          52   3.4537083776943772e-10   1.1395684066553829e-42   2.7800453241617554e-46   1.1398464111878012e-72   1.1398464111878012e-72   1.1398464111878012e-72   1.1398464111878012e-72   1.1398464111878012e-72   1.1398464111878012e-72
          53   3.8015279084462295e-10   1.1395684066553831e-42   2.7800453241615847e-46   1.1398464111878002e-72   1.1398464111878002e-72   1.1398464111878002e-72   1.1398464111878002e-72   1.1398464111878002e-72   1.1398464111878002e-72
          54   4.1841293922732674e-10   1.1395684066553831e-42   2.7800453241617122e-46   1.1398464111878005e-72   1.1398464111878005e-72   1.1398464111878005e-72   1.1398464111878005e-72   1.1398464111878005e-72   1.1398464111878005e-72
          55   4.6049910244830090e-10   1.1395684066553831e-42   2.7800453241617072e-46   1.1398464111878002e-72   1.1398464111878002e-72   1.1398464111878002e-72   1.1398464111878002e-72   1.1398464111878002e-72   1.1398464111878002e-72
          56   5.0679388199137247e-10   1.1395684066553831e-42   2.7800453241616395e-46   1.1398464111878002e-72   1.1398464111878002e-72   1.1398464111878002e-72   1.1398464111878002e-72   1.1398464111878002e-72   1.1398464111878002e-72
          57   5.5771813948875120e-10   1.1395684066553833e-42   2.7800453241615088e-46   1.1398464111877997e-72   1.1398464111877997e-72   1.1398464111877997e-72   1.1398464111877997e-72   1.1398464111877997e-72   1.1398464111877997e-72
          58   6.1373482273586780e-10   1.1395684066553834e-42   2.7800453241615115e-46   1.1398464111878002e-72   1.1398464111878002e-72   1.1398464111878002e-72   1.1398464111878002e-72   1.1398464111878002e-72   1.1398464111878002e-72
          59   6.7535317430769608e-10   1.1395684066553841e-42   2.7800453241617091e-46   1.1398464111878005e-72   1.1398464111878005e-72   1.1398464111878005e-72   1.1398464111878005e-72   1.1398464111878005e-72   1.1398464111878005e-72
          60   7.4313336103670719e-10   1.1395684066553837e-42   2.7800453241615127e-46   1.1398464111878012e-72   1.1398464111878012e-72   1.1398464111878012e-72   1.1398464111878012e-72   1.1398464111878012e-72   1.1398464111878012e-72
          61   8.1576314639045590e-10   1.1395684066553831e-42   2.7800453241615497e-46   1.1398464111878022e-72   1.1398464111878022e-72   1.1398464111878022e-72   1.1398464111878022e-72   1.1398464111878022e-72   1.1398464111878022e-72
          62   8.8872739902036689e-10   1.1395684066553831e-42   2.7800453241616337e-46   1.1398464111878007e-72   1.1398464111878007e-72   1.1398464111878007e-72   1.1398464111878007e-72   1.1398464111878007e-72   1.1398464111878007e-72
          63   9.6364701232977859e-10   1.1395684066553829e-42   2.7800453241615905e-46   1.1398464111878007e-72   1.1398464111878007e-72   1.1398464111878007e-72   1.1398464111878007e-72   1.1398464111878007e-72   1.1398464111878007e-72
          64   1.0401932824121534e-09   1.1395684066553855e-42   2.7800453241617515e-46   1.1398464111878022e-72   1.1398464111878022e-72   1.1398464111878022e-72   1.1398464111878022e-72   1.1398464111878022e-72   1.1398464111878022e-72
          65   1.1173295884703978e-09   1.1395684066553860e-42   2.7800453241615745e-46   1.1398464111878005e-72   1.1398464111878005e-72   1.1398464111878005e-72   1.1398464111878005e-72   1.1398464111878005e-72   1.1398464111878005e-72
          66   1.1957490314618049e-09   1.1395684066553837e-42   2.7800453241616169e-46   1.1398464111877995e-72   1.1398464111877995e-72   1.1398464111877995e-72   1.1398464111877995e-72   1.1398464111877995e-72   1.1398464111877995e-72
          67   1.2755806607712751e-09   1.1395684066553834e-42   2.7800453241615924e-46   1.1398464111878000e-72   1.1398464111878000e-72   1.1398464111878000e-72   1.1398464111878000e-72   1.1398464111878000e-72   1.1398464111878000e-72
          68   1.3562279109689473e-09   1.1395684066553857e-42   2.7800453241616411e-46   1.1398464111878012e-72   1.1398464111878012e-72   1.1398464111878012e-72   1.1398464111878012e-72   1.1398464111878012e-72   1.1398464111878012e-72
          69   1.4378690857951994e-09   1.1395684066553821e-42   2.7800453241615255e-46   1.1398464111878005e-72   1.1398464111878005e-72   1.1398464111878005e-72   1.1398464111878005e-72   1.1398464111878005e-72   1.1398464111878005e-72
          70   1.5206276107152689e-09   1.1395684066553844e-42   2.7800453241615306e-46   1.1398464111878005e-72   1.1398464111878005e-72   1.1398464111878005e-72   1.1398464111878005e-72   1.1398464111878005e-72   1.1398464111878005e-72
          71   1.6043536178169359e-09   1.1395684066553847e-42   2.7800453241616726e-46   1.1398464111878002e-72   1.1398464111878002e-72   1.1398464111878002e-72   1.1398464111878002e-72   1.1398464111878002e-72   1.1398464111878002e-72
          72   1.6890224585549099e-09   1.1395684066553826e-42   2.7800453241617589e-46   1.1398464111878005e-72   1.1398464111878005e-72   1.1398464111878005e-72   1.1398464111878005e-72   1.1398464111878005e-72   1.1398464111878005e-72
          73   1.7746141287781762e-09   1.1395684066553837e-42   2.7800453241616788e-46   1.1398464111878012e-72   1.1398464111878012e-72   1.1398464111878012e-72   1.1398464111878012e-72   1.1398464111878012e-72   1.1398464111878012e-72
          74   1.8610467447356256e-09   1.1395684066553820e-42   2.7800453241616671e-46   1.1398464111878017e-72   1.1398464111878017e-72   1.1398464111878017e-72   1.1398464111878017e-72   1.1398464111878017e-72   1.1398464111878017e-72
          75   1.9483099342258062e-09   1.1395684066553842e-42   2.7800453241616652e-46   1.1398464111878015e-72   1.1398464111878015e-72   1.1398464111878015e-72   1.1398464111878015e-72   1.1398464111878015e-72   1.1398464111878015e-72
          76   2.0364566233273295e-09   1.1395684066553826e-42   2.7800453241615376e-46   1.1398464111878000e-72   1.1398464111878000e-72   1.1398464111878000e-72   1.1398464111878000e-72   1.1398464111878000e-72   1.1398464111878000e-72
          77   2.1254808450192410e-09   1.1395684066553801e-42   2.7800453241616111e-46   1.1398464111878000e-72   1.1398464111878000e-72   1.1398464111878000e-72   1.1398464111878000e-72   1.1398464111878000e-72   1.1398464111878000e-72
          78   2.2152431440792580e-09   1.1395684066553810e-42   2.7800453241618363e-46   1.1398464111878007e-72   1.1398464111878007e-72   1.1398464111878007e-72   1.1398464111878007e-72   1.1398464111878007e-72   1.1398464111878007e-72
          79   2.3057450160054170e-09   1.1395684066553813e-42   2.7800453241615660e-46   1.1398464111877997e-72   1.1398464111877997e-72   1.1398464111877997e-72   1.1398464111877997e-72   1.1398464111877997e-72   1.1398464111877997e-72
          80   2.3970157809666919e-09   1.1395684066553802e-42   2.7800453241614268e-46   1.1398464111878030e-72   1.1398464111878030e-72   1.1398464111878030e-72   1.1398464111878030e-72   1.1398464111878030e-72   1.1398464111878030e-72
          81   2.4890415689764460e-09   1.1395684066553839e-42   2.7800453241616403e-46   1.1398464111877997e-72   1.1398464111877997e-72   1.1398464111877997e-72   1.1398464111877997e-72   1.1398464111877997e-72   1.1398464111877997e-72
          82   2.5817849530456932e-09   1.1395684066553837e-42   2.7800453241615290e-46   1.1398464111878025e-72   1.1398464111878025e-72   1.1398464111878025e-72   1.1398464111878025e-72   1.1398464111878025e-72   1.1398464111878025e-72
          83   2.6752168276784588e-09   1.1395684066553850e-42   2.7800453241618550e-46   1.1398464111877990e-72   1.1398464111877990e-72   1.1398464111877990e-72   1.1398464111877990e-72   1.1398464111877990e-72   1.1398464111877990e-72
          84   2.7693403130908727e-09   1.1395684066553831e-42   2.7800453241615780e-46   1.1398464111877957e-72   1.1398464111877957e-72   1.1398464111877957e-72   1.1398464111877957e-72   1.1398464111877957e-72   1.1398464111877957e-72
          85   2.8641441108714032e-09   1.1395684066553855e-42   2.7800453241614890e-46   1.1398464111878017e-72   1.1398464111878017e-72   1.1398464111878017e-72   1.1398464111878017e-72   1.1398464111878017e-72   1.1398464111878017e-72
          86   2.9596077290464426e-09   1.1395684066553855e-42   2.7800453241615077e-46   1.1398464111878010e-72   1.1398464111878010e-72   1.1398464111878010e-72   1.1398464111878010e-72   1.1398464111878010e-72   1.1398464111878010e-72
          87   3.0557083548383464e-09   1.1395684066553817e-42   2.7800453241618488e-46   1.1398464111877990e-72   1.1398464111877990e-72   1.1398464111877990e-72   1.1398464111877990e-72   1.1398464111877990e-72   1.1398464111877990e-72
          88   3.1524416548691156e-09   1.1395684066553828e-42   2.7800453241617982e-46   1.1398464111877972e-72   1.1398464111877972e-72   1.1398464111877972e-72   1.1398464111877972e-72   1.1398464111877972e-72   1.1398464111877972e-72
          89   3.2498037599222511e-09   1.1395684066553842e-42   2.7800453241615621e-46   1.1398464111877997e-72   1.1398464111877997e-72   1.1398464111877997e-72   1.1398464111877997e-72   1.1398464111877997e-72   1.1398464111877997e-72
          90   3.3477826735410852e-09   1.1395684066553879e-42   2.7800453241615388e-46   1.1398464111878017e-72   1.1398464111878017e-72   1.1398464111878017e-72   1.1398464111878017e-72   1.1398464111878017e-72   1.1398464111878017e-72
          91   3.4463571090205936e-09   1.1395684066553820e-42   2.7800453241615637e-46   1.1398464111877977e-72   1.1398464111877977e-72   1.1398464111877977e-72   1.1398464111877977e-72   1.1398464111877977e-72   1.1398464111877977e-72
          92   3.5455069628010339e-09   1.1395684066553864e-42   2.7800453241618421e-46   1.1398464111878033e-72   1.1398464111878033e-72   1.1398464111878033e-72   1.1398464111878033e-72   1.1398464111878033e-72   1.1398464111878033e-72
          93   3.6452239158381558e-09   1.1395684066553825e-42   2.7800453241619032e-46   1.1398464111878022e-72   1.1398464111878022e-72   1.1398464111878022e-72   1.1398464111878022e-72   1.1398464111878022e-72   1.1398464111878022e-72
          94   3.7455060256020148e-09   1.1395684066553842e-42   2.7800453241614863e-46   1.1398464111878007e-72   1.1398464111878007e-72   1.1398464111878007e-72   1.1398464111878007e-72   1.1398464111878007e-72   1.1398464111878007e-72
          95   3.8463488218240964e-09   1.1395684066553826e-42   2.7800453241616002e-46   1.1398464111878017e-72   1.1398464111878017e-72   1.1398464111878017e-72   1.1398464111878017e-72   1.1398464111878017e-72   1.1398464111878017e-72
          96   3.9477390885705530e-09   1.1395684066553825e-42   2.7800453241616092e-46   1.1398464111877950e-72   1.1398464111877950e-72   1.1398464111877950e-72   1.1398464111877950e-72   1.1398464111877950e-72   1.1398464111877950e-72
          97   4.0496656466835202e-09   1.1395684066553806e-42   2.7800453241615123e-46   1.1398464111878020e-72   1.1398464111878020e-72   1.1398464111878020e-72   1.1398464111878020e-72   1.1398464111878020e-72   1.1398464111878020e-72
          98   4.1521191870133799e-09   1.1395684066553812e-42   2.7800453241617538e-46   1.1398464111878020e-72   1.1398464111878020e-72   1.1398464111878020e-72   1.1398464111878020e-72   1.1398464111878020e-72   1.1398464111878020e-72
          99   4.2550911731438733e-09   1.1395684066553857e-42   2.7800453241619499e-46   1.1398464111877972e-72   1.1398464111877972e-72   1.1398464111877972e-72   1.1398464111877972e-72   1.1398464111877972e-72   1.1398464111877972e-72
         100   4.3585736342053759e-09   1.1395684066553853e-42   2.7800453241615139e-46   1.1398464111877934e-72   1.1398464111877934e-72   1.1398464111877934e-72   1.1398464111877934e-72   1.1398464111877934e-72   1.1398464111877934e-72
         101   4.4625592939578461e-09   1.1395684066553882e-42   2.7800453241615147e-46   1.1398464111877962e-72   1.1398464111877962e-72   1.1398464111877962e-72   1.1398464111877962e-72   1.1398464111877962e-72   1.1398464111877962e-72
         102   4.5670426665214843e-09   1.1395684066553802e-42   2.7800453241616263e-46   1.1398464111877970e-72   1.1398464111877970e-72   1.1398464111877970e-72   1.1398464111877970e-72   1.1398464111877970e-72   1.1398464111877970e-72
         103   4.6720193193224204e-09   1.1395684066553893e-42   2.7800453241616971e-46   1.1398464111877975e-72   1.1398464111877975e-72   1.1398464111877975e-72   1.1398464111877975e-72   1.1398464111877975e-72   1.1398464111877975e-72
         104   4.7774804770430535e-09   1.1395684066553863e-42   2.7800453241616554e-46   1.1398464111877985e-72   1.1398464111877985e-72   1.1398464111877985e-72   1.1398464111877985e-72   1.1398464111877985e-72   1.1398464111877985e-72
         105   4.8834168142294590e-09   1.1395684066553829e-42   2.7800453241619394e-46   1.1398464111877904e-72   1.1398464111877904e-72   1.1398464111877904e-72   1.1398464111877904e-72   1.1398464111877904e-72   1.1398464111877904e-72
         106   4.9898197049773277e-09   1.1395684066553833e-42   2.7800453241616901e-46   1.1398464111877940e-72   1.1398464111877940e-72   1.1398464111877940e-72   1.1398464111877940e-72   1.1398464111877940e-72   1.1398464111877940e-72
         107   5.0966816135994667e-09   1.1395684066553823e-42   2.7800453241618347e-46   1.1398464111878045e-72   1.1398464111878045e-72   1.1398464111878045e-72   1.1398464111878045e-72   1.1398464111878045e-72   1.1398464111878045e-72
         108   5.2039970964366496e-09   1.1395684066553871e-42   2.7800453241618414e-46   1.1398464111878030e-72   1.1398464111878030e-72   1.1398464111878030e-72   1.1398464111878030e-72   1.1398464111878030e-72   1.1398464111878030e-72
         109   5.3117614946721983e-09   1.1395684066553872e-42   2.7800453241617667e-46   1.1398464111878012e-72   1.1398464111878012e-72   1.1398464111878012e-72   1.1398464111878012e-72   1.1398464111878012e-72   1.1398464111878012e-72
         110   5.4199705315853677e-09   1.1395684066553890e-42   2.7800453241615166e-46   1.1398464111878163e-72   1.1398464111878163e-72   1.1398464111878163e-72   1.1398464111878163e-72   1.1398464111878163e-72   1.1398464111878163e-72
         111   5.5286194025695841e-09   1.1395684066553874e-42   2.7800453241616111e-46   1.1398464111877927e-72   1.1398464111877927e-72   1.1398464111877927e-72   1.1398464111877927e-72   1.1398464111877927e-72   1.1398464111877927e-72
         112   5.6377010166127286e-09   1.1395684066553880e-42   2.7800453241615108e-46   1.1398464111878007e-72   1.1398464111878007e-72   1.1398464111878007e-72   1.1398464111878007e-72   1.1398464111878007e-72   1.1398464111878007e-72
         113   5.7472070205243775e-09   1.1395684066553708e-42   2.7800453241618978e-46   1.1398464111877985e-72   1.1398464111877985e-72   1.1398464111877985e-72   1.1398464111877985e-72   1.1398464111877985e-72   1.1398464111877985e-72
         114   5.8571303550379693e-09   1.1395684066553759e-42   2.7800453241616982e-46   1.1398464111877967e-72   1.1398464111877967e-72   1.1398464111877967e-72   1.1398464111877967e-72   1.1398464111877967e-72   1.1398464111877967e-72
         115   5.9674657021324461e-09   1.1395684066553758e-42   2.7800453241617624e-46   1.1398464111877947e-72   1.1398464111877947e-72   1.1398464111877947e-72   1.1398464111877947e-72   1.1398464111877947e-72   1.1398464111877947e-72
         116   6.0782090586184911e-09   1.1395684066553809e-42   2.7800453241616072e-46   1.1398464111877967e-72   1.1398464111877967e-72   1.1398464111877967e-72   1.1398464111877967e-72   1.1398464111877967e-72   1.1398464111877967e-72
         117   6.1893569700574528e-09   1.1395684066553801e-42   2.7800453241616169e-46   1.1398464111878022e-72   1.1398464111878022e-72   1.1398464111878022e-72   1.1398464111878022e-72   1.1398464111878022e-72   1.1398464111878022e-72
         118   6.3009062269711937e-09   1.1395684066553793e-42   2.7800453241616403e-46   1.1398464111878070e-72   1.1398464111878070e-72   1.1398464111878070e-72   1.1398464111878070e-72   1.1398464111878070e-72   1.1398464111878070e-72
         119   6.4128527665958540e-09   1.1395684066553770e-42   2.7800453241617873e-46   1.1398464111877975e-72   1.1398464111877975e-72   1.1398464111877975e-72   1.1398464111877975e-72   1.1398464111877975e-72   1.1398464111877975e-72
         120   6.5251916536762715e-09   1.1395684066553849e-42   2.7800453241614633e-46   1.1398464111878053e-72   1.1398464111878053e-72   1.1398464111878053e-72   1.1398464111878053e-72   1.1398464111878053e-72   1.1398464111878053e-72
         121   6.6379179767691023e-09   1.1395684066553710e-42   2.7800453241618235e-46   1.1398464111878012e-72   1.1398464111878012e-72   1.1398464111878012e-72   1.1398464111878012e-72   1.1398464111878012e-72   1.1398464111878012e-72
         122   6.7510271093470531e-09   1.1395684066553841e-42   2.7800453241615773e-46   1.1398464111878048e-72   1.1398464111878048e-72   1.1398464111878048e-72   1.1398464111878048e-72   1.1398464111878048e-72   1.1398464111878048e-72
         123   6.8645151496641240e-09   1.1395684066553842e-42   2.7800453241616873e-46   1.1398464111877965e-72   1.1398464111877965e-72   1.1398464111877965e-72   1.1398464111877965e-72   1.1398464111877965e-72   1.1398464111877965e-72
         124   6.9783785924456105e-09   1.1395684066553900e-42   2.7800453241615290e-46   1.1398464111878070e-72   1.1398464111878070e-72   1.1398464111878070e-72   1.1398464111878070e-72   1.1398464111878070e-72   1.1398464111878070e-72
         125   7.0926136490131722e-09   1.1395684066553831e-42   2.7800453241614516e-46   1.1398464111878080e-72   1.1398464111878080e-72   1.1398464111878080e-72   1.1398464111878080e-72   1.1398464111878080e-72   1.1398464111878080e-72
         126   7.2072160569303299e-09   1.1395684066553758e-42   2.7800453241615843e-46   1.1398464111878007e-72   1.1398464111878007e-72   1.1398464111878007e-72   1.1398464111878007e-72   1.1398464111878007e-72   1.1398464111878007e-72
         127   7.3221809693401932e-09   1.1395684066553821e-42   2.7800453241614956e-46   1.1398464111878063e-72   1.1398464111878063e-72   1.1398464111878063e-72   1.1398464111878063e-72   1.1398464111878063e-72   1.1398464111878063e-72
         128   7.4375031088829145e-09   1.1395684066553890e-42   2.7800453241617274e-46   1.1398464111878048e-72   1.1398464111878048e-72   1.1398464111878048e-72   1.1398464111878048e-72   1.1398464111878048e-72   1.1398464111878048e-72
         129   7.5531782583071197e-09   1.1395684066553815e-42   2.7800453241614684e-46   1.1398464111878058e-72   1.1398464111878058e-72   1.1398464111878058e-72   1.1398464111878058e-72   1.1398464111878058e-72   1.1398464111878058e-72
         130   7.6692034613172455e-09   1.1395684066553874e-42   2.7800453241615975e-46   1.1398464111877972e-72   1.1398464111877972e-72   1.1398464111877972e-72   1.1398464111877972e-72   1.1398464111877972e-72   1.1398464111877972e-72
         131   7.7855769601267927e-09   1.1395684066553823e-42   2.7800453241614625e-46   1.1398464111878110e-72   1.1398464111878110e-72   1.1398464111878110e-72   1.1398464111878110e-72   1.1398464111878110e-72   1.1398464111878110e-72
         132   7.9022971153484097e-09   1.1395684066553834e-42   2.7800453241616811e-46   1.1398464111878017e-72   1.1398464111878017e-72   1.1398464111878017e-72   1.1398464111878017e-72   1.1398464111878017e-72   1.1398464111878017e-72
         133   8.0193618540991044e-09   1.1395684066553898e-42   2.7800453241616866e-46   1.1398464111878012e-72   1.1398464111878012e-72   1.1398464111878012e-72   1.1398464111878012e-72   1.1398464111878012e-72   1.1398464111878012e-72
         134   8.1367682581846511e-09   1.1395684066553774e-42   2.7800453241616173e-46   1.1398464111877982e-72   1.1398464111877982e-72   1.1398464111877982e-72   1.1398464111877982e-72   1.1398464111877982e-72   1.1398464111877982e-72
         135   8.2545123854966620e-09   1.1395684066553837e-42   2.7800453241615827e-46   1.1398464111877982e-72   1.1398464111877982e-72   1.1398464111877982e-72   1.1398464111877982e-72   1.1398464111877982e-72   1.1398464111877982e-72
         136   8.3725889211530725e-09   1.1395684066553904e-42   2.7800453241616920e-46   1.1398464111878186e-72   1.1398464111878186e-72   1.1398464111878186e-72   1.1398464111878186e-72   1.1398464111878186e-72   1.1398464111878186e-72
         137   8.4909924611908684e-09   1.1395684066553906e-42   2.7800453241618320e-46   1.1398464111878007e-72   1.1398464111878007e-72   1.1398464111878007e-72   1.1398464111878007e-72   1.1398464111878007e-72   1.1398464111878007e-72
         138   8.6097186089100458e-09   1.1395684066553806e-42   2.7800453241616193e-46   1.1398464111878085e-72   1.1398464111878085e-72   1.1398464111878085e-72   1.1398464111878085e-72   1.1398464111878085e-72   1.1398464111878085e-72
         139   8.7287642295052240e-09   1.1395684066553858e-42   2.7800453241617118e-46   1.1398464111877947e-72   1.1398464111877947e-72   1.1398464111877947e-72   1.1398464111877947e-72   1.1398464111877947e-72   1.1398464111877947e-72
         140   8.8481271012066812e-09   1.1395684066553884e-42   2.7800453241618849e-46   1.1398464111878050e-72   1.1398464111878050e-72   1.1398464111878050e-72   1.1398464111878050e-72   1.1398464111878050e-72   1.1398464111878050e-72
         141   8.9678055721058937e-09   1.1395684066553764e-42   2.7800453241617675e-46   1.1398464111877980e-72   1.1398464111877980e-72   1.1398464111877980e-72   1.1398464111877980e-72   1.1398464111877980e-72   1.1398464111877980e-72
         142   9.0877982886954092e-09   1.1395684066553885e-42   2.7800453241614295e-46   1.1398464111877897e-72   1.1398464111877897e-72   1.1398464111877897e-72   1.1398464111877897e-72   1.1398464111877897e-72   1.1398464111877897e-72
         143   9.2081034744399060e-09   1.1395684066553874e-42   2.7800453241616982e-46   1.1398464111878053e-72   1.1398464111878053e-72   1.1398464111878053e-72   1.1398464111878053e-72   1.1398464111878053e-72   1.1398464111878053e-72
         144   9.3287189078109442e-09   1.1395684066553903e-42   2.7800453241617900e-46   1.1398464111878088e-72   1.1398464111878088e-72   1.1398464111878088e-72   1.1398464111878088e-72   1.1398464111878088e-72   1.1398464111878088e-72
         145   9.4496419874855765e-09   1.1395684066553799e-42   2.7800453241617803e-46   1.1398464111878146e-72   1.1398464111878146e-72   1.1398464111878146e-72   1.1398464111878146e-72   1.1398464111878146e-72   1.1398464111878146e-72
         146   9.5708695423403298e-09   1.1395684066553876e-42   2.7800453241616601e-46   1.1398464111877894e-72   1.1398464111877894e-72   1.1398464111877894e-72   1.1398464111877894e-72   1.1398464111877894e-72   1.1398464111877894e-72
         147   9.6923981775069851e-09   1.1395684066553813e-42   2.7800453241617651e-46   1.1398464111877980e-72   1.1398464111877980e-72   1.1398464111877980e-72   1.1398464111877980e-72   1.1398464111877980e-72   1.1398464111877980e-72
         148   9.8142246851749447e-09   1.1395684066553758e-42   2.7800453241619600e-46   1.1398464111878158e-72   1.1398464111878158e-72   1.1398464111878158e-72   1.1398464111878158e-72   1.1398464111878158e-72   1.1398464111878158e-72
         149   9.9363458263581679e-09   1.1395684066553882e-42   2.7800453241618277e-46   1.1398464111878080e-72   1.1398464111878080e-72   1.1398464111878080e-72   1.1398464111878080e-72   1.1398464111878080e-72   1.1398464111878080e-72
         150   1.0000000000000000e-08   1.1395684066553807e-42   2.7800453241615357e-46   1.1398464111878073e-72   1.1398464111878073e-72   1.1398464111878073e-72   1.1398464111878073e-72   1.1398464111878073e-72   1.1398464111878073e-72
